This is pdfTeX, Version 3.141592653-2.6-1.40.25 (TeX Live 2023/Fedora 40) (preloaded format=pdflatex 2024.11.20)  27 NOV 2024 17:53
entering extended mode
 restricted \write18 enabled.
 %&-line parsing enabled.
**documentation.tex
(./documentation.tex
LaTeX2e <2022-11-01> patch level 1
L3 programming layer <2023-02-22> (/usr/share/texlive/texmf-dist/tex/latex/base
/article.cls
Document Class: article 2022/07/02 v1.4n Standard LaTeX document class
(/usr/share/texlive/texmf-dist/tex/latex/base/size12.clo
File: size12.clo 2022/07/02 v1.4n Standard LaTeX file (size option)
)
\c@part=\count185
\c@section=\count186
\c@subsection=\count187
\c@subsubsection=\count188
\c@paragraph=\count189
\c@subparagraph=\count190
\c@figure=\count191
\c@table=\count192
\abovecaptionskip=\skip48
\belowcaptionskip=\skip49
\bibindent=\dimen140
) (/usr/share/texlive/texmf-dist/tex/generic/babel/babel.sty
Package: babel 2023/02/13 3.86 The Babel package
\babel@savecnt=\count193
\U@D=\dimen141
\l@unhyphenated=\language85
(/usr/share/texlive/texmf-dist/tex/generic/babel/txtbabel.def)
\bbl@readstream=\read2
\bbl@dirlevel=\count194
(/usr/share/texlive/texmf-dist/tex/generic/babel-slovak/slovak.ldf
Language: slovak 2008/07/06 v3.1a Slovak support from the babel system
Package babel Info: Making ^ an active character on input line 123.
Package babel Info: Making " an active character on input line 126.
Package babel Info: Making ' an active character on input line 129.
\cs@wordlen=\count195
Package babel Info: Making - an active character on input line 294.
)) (/usr/share/texlive/texmf-dist/tex/generic/babel/locale/sk/babel-slovak.tex
Package babel Info: Importing font and identification data for slovak
(babel)             from babel-sk.ini. Reported on input line 11.
) (/usr/share/texlive/texmf-dist/tex/latex/geometry/geometry.sty
Package: geometry 2020/01/02 v5.9 Page Geometry
(/usr/share/texlive/texmf-dist/tex/latex/graphics/keyval.sty
Package: keyval 2022/05/29 v1.15 key=value parser (DPC)
\KV@toks@=\toks16
) (/usr/share/texlive/texmf-dist/tex/generic/iftex/ifvtex.sty
Package: ifvtex 2019/10/25 v1.7 ifvtex legacy package. Use iftex instead.
(/usr/share/texlive/texmf-dist/tex/generic/iftex/iftex.sty
Package: iftex 2022/02/03 v1.0f TeX engine tests
))
\Gm@cnth=\count196
\Gm@cntv=\count197
\c@Gm@tempcnt=\count198
\Gm@bindingoffset=\dimen142
\Gm@wd@mp=\dimen143
\Gm@odd@mp=\dimen144
\Gm@even@mp=\dimen145
\Gm@layoutwidth=\dimen146
\Gm@layoutheight=\dimen147
\Gm@layouthoffset=\dimen148
\Gm@layoutvoffset=\dimen149
\Gm@dimlist=\toks17
) (/usr/share/texlive/texmf-dist/tex/latex/base/fontenc.sty
Package: fontenc 2021/04/29 v2.0v Standard LaTeX package
) (/usr/share/texlive/texmf-dist/tex/latex/base/inputenc.sty
Package: inputenc 2021/02/14 v1.3d Input encoding file
\inpenc@prehook=\toks18
\inpenc@posthook=\toks19
) (/usr/share/texlive/texmf-dist/tex/latex/psnfss/times.sty
Package: times 2020/03/25 PSNFSS-v9.3 (SPQR) 
) (/usr/share/texlive/texmf-dist/tex/latex/graphics/graphics.sty
Package: graphics 2022/03/10 v1.4e Standard LaTeX Graphics (DPC,SPQR)
(/usr/share/texlive/texmf-dist/tex/latex/graphics/trig.sty
Package: trig 2021/08/11 v1.11 sin cos tan (DPC)
) (/usr/share/texlive/texmf-dist/tex/latex/graphics-cfg/graphics.cfg
File: graphics.cfg 2016/06/04 v1.11 sample graphics configuration
)
Package graphics Info: Driver file: pdftex.def on input line 107.
(/usr/share/texlive/texmf-dist/tex/latex/graphics-def/pdftex.def
File: pdftex.def 2022/09/22 v1.2b Graphics/color driver for pdftex
)) (/usr/share/texlive/texmf-dist/tex/latex/wrapfig/wrapfig.sty
\wrapoverhang=\dimen150
\WF@size=\dimen151
\c@WF@wrappedlines=\count199
\WF@box=\box51
\WF@everypar=\toks20
Package: wrapfig 2003/01/31  v 3.6
)
LaTeX Font Info:    Trying to load font information for T1+ptm on input line 11
.
(/usr/share/texlive/texmf-dist/tex/latex/psnfss/t1ptm.fd
File: t1ptm.fd 2001/06/04 font definitions for T1/ptm.
) (/usr/share/texlive/texmf-dist/tex/latex/l3backend/l3backend-pdftex.def
File: l3backend-pdftex.def 2023-01-16 L3 backend support: PDF output (pdfTeX)
\l__color_backend_stack_int=\count266
\l__pdf_internal_box=\box52
)

LaTeX Warning: Unused global option(s):
    [Slovak].

(./documentation.aux)
\openout1 = `documentation.aux'.

LaTeX Font Info:    Checking defaults for OML/cmm/m/it on input line 11.
LaTeX Font Info:    ... okay on input line 11.
LaTeX Font Info:    Checking defaults for OMS/cmsy/m/n on input line 11.
LaTeX Font Info:    ... okay on input line 11.
LaTeX Font Info:    Checking defaults for OT1/cmr/m/n on input line 11.
LaTeX Font Info:    ... okay on input line 11.
LaTeX Font Info:    Checking defaults for T1/cmr/m/n on input line 11.
LaTeX Font Info:    ... okay on input line 11.
LaTeX Font Info:    Checking defaults for TS1/cmr/m/n on input line 11.
LaTeX Font Info:    ... okay on input line 11.
LaTeX Font Info:    Checking defaults for OMX/cmex/m/n on input line 11.
LaTeX Font Info:    ... okay on input line 11.
LaTeX Font Info:    Checking defaults for U/cmr/m/n on input line 11.
LaTeX Font Info:    ... okay on input line 11.
*geometry* driver: auto-detecting
*geometry* detected driver: pdftex
*geometry* verbose mode - [ preamble ] result:
* driver: pdftex
* paper: a4paper
* layout: <same size as paper>
* layoutoffset:(h,v)=(0.0pt,0.0pt)
* modes: 
* h-part:(L,W,R)=(56.9055pt, 483.69684pt, 56.90553pt)
* v-part:(T,H,B)=(85.35826pt, 682.86613pt, 76.82245pt)
* \paperwidth=597.50787pt
* \paperheight=845.04684pt
* \textwidth=483.69684pt
* \textheight=682.86613pt
* \oddsidemargin=-15.36449pt
* \evensidemargin=-15.36449pt
* \topmargin=-23.91173pt
* \headheight=12.0pt
* \headsep=25.0pt
* \topskip=12.0pt
* \footskip=30.0pt
* \marginparwidth=35.0pt
* \marginparsep=10.0pt
* \columnsep=10.0pt
* \skip\footins=10.8pt plus 4.0pt minus 2.0pt
* \hoffset=0.0pt
* \voffset=0.0pt
* \mag=1000
* \@twocolumnfalse
* \@twosidefalse
* \@mparswitchfalse
* \@reversemarginfalse
* (1in=72.27pt=25.4mm, 1cm=28.453pt)

(/usr/share/texlive/texmf-dist/tex/context/base/mkii/supp-pdf.mkii
[Loading MPS to PDF converter (version 2006.09.02).]
\scratchcounter=\count267
\scratchdimen=\dimen152
\scratchbox=\box53
\nofMPsegments=\count268
\nofMParguments=\count269
\everyMPshowfont=\toks21
\MPscratchCnt=\count270
\MPscratchDim=\dimen153
\MPnumerator=\count271
\makeMPintoPDFobject=\count272
\everyMPtoPDFconversion=\toks22
) (/usr/share/texlive/texmf-dist/tex/latex/epstopdf-pkg/epstopdf-base.sty
Package: epstopdf-base 2020-01-24 v2.11 Base part for package epstopdf
Package epstopdf-base Info: Redefining graphics rule for `.eps' on input line 4
85.
(/usr/share/texlive/texmf-dist/tex/latex/latexconfig/epstopdf-sys.cfg
File: epstopdf-sys.cfg 2010/07/13 v1.3 Configuration of (r)epstopdf for TeX Liv
e
)) [1

{/var/lib/texmf/fonts/map/pdftex/updmap/pdftex.map}{/usr/share/texlive/texmf-di
st/fonts/enc/dvips/base/8r.enc}]
LaTeX Font Info:    Trying to load font information for TS1+ptm on input line 3
6.
(/usr/share/texlive/texmf-dist/tex/latex/psnfss/ts1ptm.fd
File: ts1ptm.fd 2001/06/04 font definitions for TS1/ptm.
)
LaTeX Font Info:    External font `cmex10' loaded for size
(Font)              <12> on input line 36.
LaTeX Font Info:    External font `cmex10' loaded for size
(Font)              <8> on input line 36.
LaTeX Font Info:    External font `cmex10' loaded for size
(Font)              <6> on input line 36.
LaTeX Font Info:    External font `cmex10' loaded for size
(Font)              <7> on input line 36.
LaTeX Font Info:    External font `cmex10' loaded for size
(Font)              <5> on input line 36.

Underfull \hbox (badness 10000) in paragraph at lines 53--54

 []


Underfull \hbox (badness 10000) in paragraph at lines 54--56

 []


Underfull \hbox (badness 10000) in paragraph at lines 56--57

 []


Underfull \hbox (badness 10000) in paragraph at lines 57--58

 []

[1]
<Untitled Diagram.png, id=12, 750.1626pt x 348.3414pt>
File: Untitled Diagram.png Graphic file (type png)
<use Untitled Diagram.png>
Package pdftex.def Info: Untitled Diagram.png  used on input line 67.
(pdftex.def)             Requested size: 750.16077pt x 348.34055pt.
[2 <./Untitled Diagram.png>]
Underfull \hbox (badness 10000) in paragraph at lines 78--86

 []

<Untitled Diagram(1).png, id=18, 745.8264pt x 496.4949pt>
File: Untitled Diagram(1).png Graphic file (type png)
<use Untitled Diagram(1).png>
Package pdftex.def Info: Untitled Diagram(1).png  used on input line 92.
(pdftex.def)             Requested size: 745.82458pt x 496.49368pt.

Underfull \hbox (badness 1796) in paragraph at lines 95--112
[]\T1/ptm/m/n/12 Pre kom-plet-nos´ sme sa roz-hodli vi-zu-ali-zo-va´ ASS,
 []


Underfull \hbox (badness 1127) in paragraph at lines 95--112
\T1/ptm/m/n/12 ktorý sme na-vrhli pre tento pre-kla-da£. Ako je vidno
 []


Underfull \hbox (badness 1033) in paragraph at lines 95--112
\T1/ptm/m/n/12 a to sú: \T1/ptm/m/it/12 count, data, chil-dren\T1/ptm/m/n/12 . 
Kde \T1/ptm/m/it/12 count \T1/ptm/m/n/12 ur-£uje po-
 []


Underfull \hbox (badness 2197) in paragraph at lines 95--112
\T1/ptm/m/n/12 £et detí ktoré daný uzol má. Hlavná £as´, \T1/ptm/m/it/12 data\T
1/ptm/m/n/12 , v
 []


Underfull \hbox (badness 4096) in paragraph at lines 95--112
\T1/ptm/m/n/12 sebe ucho-váva data po-trebné na správne ge-ne-ro-va-
 []


Underfull \hbox (badness 2460) in paragraph at lines 95--112
\T1/ptm/m/n/12 nie kódu (viac vi¤. tree.*). Po-sledná £as´ \T1/ptm/m/it/12 chil
-dren
 []


Underfull \hbox (badness 3838) in paragraph at lines 95--112
\T1/ptm/m/n/12 je pole uka-zo-va-´e-lov na deti. V texte ¤a-lej uká-
 []


Underfull \hbox (badness 1824) in paragraph at lines 95--112
\T1/ptm/m/n/12 ºeme ako sa "kó-dujú"jednotlivé £asti kódu do tohto
 []


Underfull \hbox (badness 10000) in paragraph at lines 95--112

 []

[3 <./Untitled Diagram(1).png>]
<diag.png, id=23, 746.5491pt x 1128.1347pt>
File: diag.png Graphic file (type png)
<use diag.png>
Package pdftex.def Info: diag.png  used on input line 115.
(pdftex.def)             Requested size: 746.54729pt x 1128.13194pt.
<sada.png, id=24, 745.8264pt x 497.2176pt>
File: sada.png Graphic file (type png)
<use sada.png>
Package pdftex.def Info: sada.png  used on input line 125.
(pdftex.def)             Requested size: 745.82458pt x 497.21638pt.
[4 <./diag.png> <./sada.png>] [5] [6]
Overfull \hbox (38.30908pt too wide) in paragraph at lines 146--183
\T1/ptm/m/n/12 LON' <op_bracket> -> 'OPE-NING_BRACKET' <cl_bracket> -> 'CLO-SIN
G_BRACKET' <op_cr_bracket>
 []


Overfull \hbox (45.96579pt too wide) in paragraph at lines 146--183
\T1/ptm/m/n/12 -> 'OPE-NING_CURLY_BRACKET' <cl_cr_bracket> -> 'CLO-SING_CURLY_B
RACKET' <op_sq_bracket>
 []


Overfull \hbox (57.97792pt too wide) in paragraph at lines 146--183
\T1/ptm/m/n/12 -> 'OPE-NING_SQUARE_BRACKET' <cl_sq_bracket> -> 'CLO-SING_SQUARE
_BRACKET' <string_prolog>
 []


Overfull \hbox (1.25256pt too wide) in paragraph at lines 146--183
\T1/ptm/m/n/12 <eof> -> 'END_OF_FILE' <const> -> 'CONST' <var> -> 'VAR' <void> 
-> 'VOID' <type_keyword>
 []


Overfull \hbox (12.57118pt too wide) in paragraph at lines 146--183
\T1/ptm/m/n/12 -> <op_sq_bracket> <cl_sq_bracket> 'U8' <type_keyword> -> 'F64' 
<type_keyword> -> 'I32' <string>
 []


! LaTeX Error: Unicode character Îµ (U+03B5)
               not set up for use with LaTeX.

See the LaTeX manual or LaTeX Companion for explanation.
Type  H <return>  for immediate help.
 ...                                              
                                                  
l.185 	<nullable> -> Îµ
                       
You may provide a definition with
\DeclareUnicodeCharacter 


Overfull \hbox (24.18703pt too wide) in paragraph at lines 187--192
[]\T1/ptm/m/n/12 Expressions --------------------------------------------------
-------------------------------------------- <var_exp>
 []


! LaTeX Error: Unicode character Îµ (U+03B5)
               not set up for use with LaTeX.

See the LaTeX manual or LaTeX Companion for explanation.
Type  H <return>  for immediate help.
 ...                                              
                                                  
l.196 	<return\_exp> -> Îµ
                          
You may provide a definition with
\DeclareUnicodeCharacter 


Overfull \hbox (9.31897pt too wide) in paragraph at lines 201--204
[]\T1/ptm/m/n/12 Lower Ru-les -------------------------------------------------
--------------------------------------------- <type>
 []


! LaTeX Error: Unicode character Îµ (U+03B5)
               not set up for use with LaTeX.

See the LaTeX manual or LaTeX Companion for explanation.
Type  H <return>  for immediate help.
 ...                                              
                                                  
l.212 	<type\_vardef> -> Îµ
                           
You may provide a definition with
\DeclareUnicodeCharacter 


! LaTeX Error: Unicode character Îµ (U+03B5)
               not set up for use with LaTeX.

See the LaTeX manual or LaTeX Companion for explanation.
Type  H <return>  for immediate help.
 ...                                              
                                                  
l.220 	<call\_params> -> Îµ
                           
You may provide a definition with
\DeclareUnicodeCharacter 


Overfull \hbox (40.9502pt too wide) in paragraph at lines 218--226
[]\T1/ptm/m/n/12 Main Ru-les --------------------------------------------------
-------------------------------------------- <call_params>
 []


Overfull \hbox (24.55608pt too wide) in paragraph at lines 218--226
\T1/ptm/m/n/12 ->  <call_params> -> <string> <comma> <call_params> <call_params
> -> <int> <comma> <call_params>
 []


Overfull \hbox (9.23233pt too wide) in paragraph at lines 218--226
\T1/ptm/m/n/12 <call_params> -> <float> <comma> <call_params> <call_params> -> 
<null> <comma> <call_params>
 []


Overfull \hbox (12.25812pt too wide) in paragraph at lines 229--236
\T1/ptm/m/n/12 <op_bracket> <null_exp> <if_while_body> <else> <if_while_body> <
cycle> -> <while> <op_bracket>
 []


! LaTeX Error: Unicode character Îµ (U+03B5)
               not set up for use with LaTeX.

See the LaTeX manual or LaTeX Companion for explanation.
Type  H <return>  for immediate help.
 ...                                              
                                                  
l.244 	<fn\_body> -> Îµ
                       
You may provide a definition with
\DeclareUnicodeCharacter 


! LaTeX Error: Unicode character Îµ (U+03B5)
               not set up for use with LaTeX.

See the LaTeX manual or LaTeX Companion for explanation.
Type  H <return>  for immediate help.
 ...                                              
                                                  
l.247 	<params> -> Îµ
                     
You may provide a definition with
\DeclareUnicodeCharacter 


Overfull \hbox (9.8573pt too wide) in paragraph at lines 246--253
\T1/ptm/m/n/12 <at_import> <op_bracket> <string_prolog> <cl_bracket> <se-mi-co-
lon> <start> -> <im-port_def> <func-
 []

[7] [8] [9] [10] (./documentation.aux) ) 
Here is how much of TeX's memory you used:
 3436 strings out of 476041
 55013 string characters out of 5793163
 1858388 words of memory out of 6000000
 23857 multiletter control sequences out of 15000+600000
 559692 words of font info for 71 fonts, out of 8000000 for 9000
 1137 hyphenation exceptions out of 8191
 57i,8n,62p,1280b,258s stack positions out of 10000i,1000n,20000p,200000b,200000s
</usr/share/texlive/texmf-dist/fonts/ty
pe1/urw/times/utmb8a.pfb></usr/share/texlive/texmf-dist/fonts/type1/urw/times/u
tmr8a.pfb></usr/share/texlive/texmf-dist/fonts/type1/urw/times/utmri8a.pfb>
Output written on documentation.pdf (11 pages, 187472 bytes).
PDF statistics:
 65 PDF objects out of 1000 (max. 8388607)
 37 compressed objects within 1 object stream
 0 named destinations out of 1000 (max. 500000)
 21 words of extra memory for PDF output out of 10000 (max. 10000000)

